0 verbose cli /data/data/com.termux/files/usr/bin/node /data/data/com.termux/files/usr/lib/node_modules/npm/bin/npm-cli.js
1 info using npm@10.9.3
2 info using node@v22.20.0
3 silly config load:file:/data/data/com.termux/files/usr/lib/node_modules/npm/npmrc
4 silly config load:file:/data/data/com.termux/files/home/deo-project/.npmrc
5 silly config load:file:/data/data/com.termux/files/home/.npmrc
6 silly config load:file:/data/data/com.termux/files/usr/etc/npmrc
7 verbose title npm exec create-expo-app DEO-Nouveau --template blank
8 verbose argv "exec" "--" "create-expo-app" "DEO-Nouveau" "--template" "blank"
9 verbose logfile logs-max:10 dir:/data/data/com.termux/files/home/.npm/_logs/2025-11-24T19_43_36_885Z-
10 verbose logfile /data/data/com.termux/files/home/.npm/_logs/2025-11-24T19_43_36_885Z-debug-0.log
11 silly logfile start cleaning logs, removing 1 files
12 silly logfile done cleaning log files
13 silly packumentCache heap:969408512 maxSize:242352128 maxEntrySize:121176064
14 http fetch GET 200 https://registry.npmjs.org/create-expo-app 1363ms (cache revalidated)
15 silly packumentCache heap:969408512 maxSize:242352128 maxEntrySize:121176064
16 silly packumentCache heap:969408512 maxSize:242352128 maxEntrySize:121176064
17 verbose cwd /data/data/com.termux/files/home/deo-project
18 verbose os Linux 5.15.149-android13-8-28783478-abA057FXXS9CYD5
19 verbose node v22.20.0
20 verbose npm  v10.9.3
21 verbose exit 1
22 verbose code 1
